<?xml version="1.0" encoding="UTF-8"?>
<coverage generated="1773407274717" clover="3.2.0">
  <project timestamp="1773407274718" name="All files">
    <metrics statements="147" coveredstatements="147" conditionals="39" coveredconditionals="37" methods="40" coveredmethods="40" elements="226" coveredelements="224" complexity="0" loc="147" ncloc="147" packages="1" files="4" classes="4"/>
    <file name="BaseRepository.ts" path="/home/ubuntu/code/packages/isomorphic-database/src/core/BaseRepository.ts">
      <metrics statements="24" coveredstatements="24" conditionals="11" coveredconditionals="10" methods="9" coveredmethods="9"/>
      <line num="2" count="1" type="stmt"/>
      <line num="4" count="1" type="stmt"/>
      <line num="9" count="1" type="stmt"/>
      <line num="15" count="13" type="stmt"/>
      <line num="16" count="13" type="stmt"/>
      <line num="18" count="13" type="stmt"/>
      <line num="26" count="9" type="stmt"/>
      <line num="33" count="4" type="cond" truecount="2" falsecount="0"/>
      <line num="34" count="4" type="cond" truecount="1" falsecount="0"/>
      <line num="37" count="3" type="cond" truecount="2" falsecount="0"/>
      <line num="45" count="1" type="stmt"/>
      <line num="46" count="1" type="stmt"/>
      <line num="47" count="1" type="stmt"/>
      <line num="54" count="6" type="stmt"/>
      <line num="56" count="6" type="stmt"/>
      <line num="57" count="7" type="cond" truecount="1" falsecount="0"/>
      <line num="58" count="6" type="stmt"/>
      <line num="62" count="6" type="stmt"/>
      <line num="69" count="1" type="stmt"/>
      <line num="78" count="1" type="stmt"/>
      <line num="87" count="2" type="stmt"/>
      <line num="88" count="2" type="cond" truecount="2" falsecount="0"/>
      <line num="95" count="2" type="stmt"/>
      <line num="96" count="2" type="cond" truecount="2" falsecount="0"/>
    </file>
    <file name="DatabaseMixin.ts" path="/home/ubuntu/code/packages/isomorphic-database/src/core/DatabaseMixin.ts">
      <metrics statements="12" coveredstatements="12" conditionals="3" coveredconditionals="3" methods="5" coveredmethods="5"/>
      <line num="2" count="1" type="stmt"/>
      <line num="9" count="1" type="stmt"/>
      <line num="10" count="4" type="stmt"/>
      <line num="11" count="4" type="stmt"/>
      <line num="13" count="4" type="stmt"/>
      <line num="16" count="2" type="cond" truecount="1" falsecount="0"/>
      <line num="18" count="2" type="stmt"/>
      <line num="19" count="2" type="stmt"/>
      <line num="20" count="2" type="stmt"/>
      <line num="22" count="2" type="stmt"/>
      <line num="29" count="2" type="stmt"/>
      <line num="33" count="4" type="cond" truecount="2" falsecount="0"/>
    </file>
    <file name="QueryBuilder.ts" path="/home/ubuntu/code/packages/isomorphic-database/src/core/QueryBuilder.ts">
      <metrics statements="109" coveredstatements="109" conditionals="25" coveredconditionals="24" methods="25" coveredmethods="25"/>
      <line num="3" count="1" type="stmt"/>
      <line num="27" count="1" type="stmt"/>
      <line num="28" count="26" type="stmt"/>
      <line num="29" count="26" type="stmt"/>
      <line num="35" count="26" type="stmt"/>
      <line num="36" count="26" type="stmt"/>
      <line num="37" count="26" type="cond" truecount="0" falsecount="1"/>
      <line num="38" count="26" type="stmt"/>
      <line num="43" count="1" type="stmt"/>
      <line num="44" count="1" type="stmt"/>
      <line num="49" count="1" type="stmt"/>
      <line num="50" count="1" type="stmt"/>
      <line num="59" count="8" type="stmt"/>
      <line num="60" count="8" type="stmt"/>
      <line num="64" count="1" type="stmt"/>
      <line num="65" count="1" type="stmt"/>
      <line num="69" count="1" type="stmt"/>
      <line num="70" count="1" type="stmt"/>
      <line num="76" count="5" type="stmt"/>
      <line num="79" count="5" type="cond" truecount="1" falsecount="0"/>
      <line num="80" count="5" type="stmt"/>
      <line num="81" count="5" type="cond" truecount="1" falsecount="0"/>
      <line num="82" count="1" type="stmt"/>
      <line num="86" count="5" type="stmt"/>
      <line num="87" count="5" type="stmt"/>
      <line num="88" count="7" type="stmt"/>
      <line num="90" count="5" type="stmt"/>
      <line num="91" count="5" type="stmt"/>
      <line num="93" count="4" type="stmt"/>
      <line num="94" count="4" type="stmt"/>
      <line num="99" count="2" type="stmt"/>
      <line num="101" count="2" type="stmt"/>
      <line num="102" count="2" type="stmt"/>
      <line num="104" count="2" type="stmt"/>
      <line num="105" count="2" type="stmt"/>
      <line num="106" count="2" type="stmt"/>
      <line num="109" count="2" type="stmt"/>
      <line num="111" count="2" type="stmt"/>
      <line num="112" count="2" type="cond" truecount="1" falsecount="0"/>
      <line num="113" count="2" type="stmt"/>
      <line num="114" count="2" type="stmt"/>
      <line num="117" count="2" type="stmt"/>
      <line num="119" count="2" type="stmt"/>
      <line num="120" count="2" type="stmt"/>
      <line num="125" count="2" type="stmt"/>
      <line num="127" count="2" type="stmt"/>
      <line num="128" count="2" type="cond" truecount="1" falsecount="0"/>
      <line num="129" count="2" type="stmt"/>
      <line num="132" count="2" type="stmt"/>
      <line num="134" count="2" type="stmt"/>
      <line num="135" count="2" type="stmt"/>
      <line num="143" count="1" type="stmt"/>
      <line num="145" count="1" type="stmt"/>
      <line num="146" count="2" type="stmt"/>
      <line num="150" count="1" type="stmt"/>
      <line num="153" count="1" type="stmt"/>
      <line num="155" count="1" type="stmt"/>
      <line num="158" count="1" type="stmt"/>
      <line num="164" count="3" type="stmt"/>
      <line num="165" count="3" type="stmt"/>
      <line num="168" count="4" type="stmt"/>
      <line num="169" count="3" type="cond" truecount="1" falsecount="0"/>
      <line num="170" count="2" type="stmt"/>
      <line num="173" count="3" type="stmt"/>
      <line num="174" count="3" type="stmt"/>
      <line num="177" count="1" type="stmt"/>
      <line num="178" count="1" type="stmt"/>
      <line num="186" count="3" type="cond" truecount="2" falsecount="0"/>
      <line num="187" count="3" type="stmt"/>
      <line num="189" count="3" type="cond" truecount="1" falsecount="0"/>
      <line num="190" count="1" type="stmt"/>
      <line num="193" count="2" type="cond" truecount="1" falsecount="0"/>
      <line num="194" count="1" type="stmt"/>
      <line num="197" count="1" type="stmt"/>
      <line num="199" count="1" type="stmt"/>
      <line num="204" count="1" type="stmt"/>
      <line num="212" count="1" type="stmt"/>
      <line num="214" count="1" type="stmt"/>
      <line num="221" count="1" type="stmt"/>
      <line num="225" count="8" type="cond" truecount="1" falsecount="0"/>
      <line num="226" count="8" type="stmt"/>
      <line num="236" count="11" type="cond" truecount="2" falsecount="0"/>
      <line num="237" count="11" type="stmt"/>
      <line num="239" count="11" type="stmt"/>
      <line num="240" count="11" type="cond" truecount="1" falsecount="0"/>
      <line num="241" count="6" type="stmt"/>
      <line num="244" count="11" type="cond" truecount="1" falsecount="0"/>
      <line num="245" count="1" type="stmt"/>
      <line num="247" count="11" type="cond" truecount="1" falsecount="0"/>
      <line num="248" count="1" type="stmt"/>
      <line num="251" count="11" type="stmt"/>
      <line num="256" count="11" type="cond" truecount="1" falsecount="0"/>
      <line num="257" count="10" type="stmt"/>
      <line num="260" count="1" type="stmt"/>
      <line num="264" count="28" type="cond" truecount="2" falsecount="0"/>
      <line num="265" count="28" type="stmt"/>
      <line num="266" count="28" type="cond" truecount="2" falsecount="0"/>
      <line num="267" count="28" type="cond" truecount="2" falsecount="0"/>
      <line num="271" count="15" type="stmt"/>
      <line num="272" count="15" type="stmt"/>
      <line num="275" count="15" type="cond" truecount="1" falsecount="0"/>
      <line num="276" count="15" type="stmt"/>
      <line num="277" count="15" type="cond" truecount="1" falsecount="0"/>
      <line num="278" count="2" type="stmt"/>
      <line num="279" count="2" type="stmt"/>
      <line num="283" count="15" type="stmt"/>
      <line num="284" count="8" type="stmt"/>
      <line num="285" count="8" type="stmt"/>
      <line num="288" count="15" type="stmt"/>
    </file>
    <file name="Table.ts" path="/home/ubuntu/code/packages/isomorphic-database/src/core/Table.ts">
      <metrics statements="2" coveredstatements="2" conditionals="0" coveredconditionals="0" methods="1" coveredmethods="1"/>
      <line num="23" count="1" type="stmt"/>
      <line num="24" count="33" type="stmt"/>
    </file>
  </project>
</coverage>
