{"/home/ubuntu/code/packages/isomorphic-database/src/core/BaseRepository.ts": {"path":"/home/ubuntu/code/packages/isomorphic-database/src/core/BaseRepository.ts","statementMap":{"0":{"start":{"line":2,"column":0},"end":{"line":2,"column":59}},"1":{"start":{"line":4,"column":0},"end":{"line":4,"column":63}},"2":{"start":{"line":15,"column":18},"end":{"line":15,"column":43}},"3":{"start":{"line":16,"column":18},"end":{"line":16,"column":41}},"4":{"start":{"line":18,"column":8},"end":{"line":18,"column":49}},"5":{"start":{"line":26,"column":8},"end":{"line":26,"column":77}},"6":{"start":{"line":33,"column":20},"end":{"line":33,"column":74}},"7":{"start":{"line":34,"column":8},"end":{"line":34,"column":35}},"8":{"start":{"line":34,"column":18},"end":{"line":34,"column":35}},"9":{"start":{"line":37,"column":8},"end":{"line":37,"column":82}},"10":{"start":{"line":45,"column":26},"end":{"line":45,"column":55}},"11":{"start":{"line":46,"column":23},"end":{"line":46,"column":61}},"12":{"start":{"line":47,"column":8},"end":{"line":47,"column":43}},"13":{"start":{"line":54,"column":19},"end":{"line":54,"column":33}},"14":{"start":{"line":56,"column":8},"end":{"line":60,"column":9}},"15":{"start":{"line":57,"column":12},"end":{"line":59,"column":13}},"16":{"start":{"line":58,"column":16},"end":{"line":58,"column":49}},"17":{"start":{"line":62,"column":8},"end":{"line":62,"column":65}},"18":{"start":{"line":69,"column":8},"end":{"line":71,"column":26}},"19":{"start":{"line":78,"column":8},"end":{"line":80,"column":22}},"20":{"start":{"line":87,"column":24},"end":{"line":87,"column":54}},"21":{"start":{"line":88,"column":8},"end":{"line":88,"column":34}},"22":{"start":{"line":95,"column":24},"end":{"line":95,"column":47}},"23":{"start":{"line":96,"column":8},"end":{"line":96,"column":34}},"24":{"start":{"line":9,"column":0},"end":{"line":9,"column":13}}},"fnMap":{"0":{"name":"(anonymous_0)","decl":{"start":{"line":12,"column":4},"end":{"line":12,"column":null}},"loc":{"start":{"line":16,"column":41},"end":{"line":19,"column":5}}},"1":{"name":"(anonymous_1)","decl":{"start":{"line":25,"column":14},"end":{"line":25,"column":21}},"loc":{"start":{"line":25,"column":21},"end":{"line":27,"column":5}}},"2":{"name":"(anonymous_2)","decl":{"start":{"line":32,"column":14},"end":{"line":32,"column":25}},"loc":{"start":{"line":32,"column":25},"end":{"line":38,"column":5}}},"3":{"name":"(anonymous_3)","decl":{"start":{"line":43,"column":4},"end":{"line":43,"column":9}},"loc":{"start":{"line":43,"column":37},"end":{"line":48,"column":5}}},"4":{"name":"(anonymous_4)","decl":{"start":{"line":53,"column":4},"end":{"line":53,"column":9}},"loc":{"start":{"line":53,"column":51},"end":{"line":63,"column":5}}},"5":{"name":"(anonymous_5)","decl":{"start":{"line":68,"column":4},"end":{"line":68,"column":9}},"loc":{"start":{"line":68,"column":67},"end":{"line":72,"column":5}}},"6":{"name":"(anonymous_6)","decl":{"start":{"line":77,"column":4},"end":{"line":77,"column":9}},"loc":{"start":{"line":77,"column":36},"end":{"line":81,"column":5}}},"7":{"name":"(anonymous_7)","decl":{"start":{"line":86,"column":4},"end":{"line":86,"column":9}},"loc":{"start":{"line":86,"column":38},"end":{"line":89,"column":5}}},"8":{"name":"(anonymous_8)","decl":{"start":{"line":94,"column":4},"end":{"line":94,"column":9}},"loc":{"start":{"line":94,"column":49},"end":{"line":97,"column":5}}}},"branchMap":{"0":{"loc":{"start":{"line":33,"column":20},"end":{"line":33,"column":74}},"type":"binary-expr","locations":[{"start":{"line":33,"column":20},"end":{"line":33,"column":45}},{"start":{"line":33,"column":49},"end":{"line":33,"column":74}}]},"1":{"loc":{"start":{"line":34,"column":8},"end":{"line":34,"column":35}},"type":"if","locations":[{"start":{"line":34,"column":8},"end":{"line":34,"column":35}}]},"2":{"loc":{"start":{"line":37,"column":16},"end":{"line":37,"column":81}},"type":"binary-expr","locations":[{"start":{"line":37,"column":16},"end":{"line":37,"column":49}},{"start":{"line":37,"column":54},"end":{"line":37,"column":81}}]},"3":{"loc":{"start":{"line":53,"column":15},"end":{"line":53,"column":51}},"type":"default-arg","locations":[{"start":{"line":53,"column":49},"end":{"line":53,"column":51}}]},"4":{"loc":{"start":{"line":57,"column":12},"end":{"line":59,"column":13}},"type":"if","locations":[{"start":{"line":57,"column":12},"end":{"line":59,"column":13}}]},"5":{"loc":{"start":{"line":88,"column":15},"end":{"line":88,"column":33}},"type":"binary-expr","locations":[{"start":{"line":88,"column":15},"end":{"line":88,"column":25}},{"start":{"line":88,"column":29},"end":{"line":88,"column":33}}]},"6":{"loc":{"start":{"line":96,"column":15},"end":{"line":96,"column":33}},"type":"binary-expr","locations":[{"start":{"line":96,"column":15},"end":{"line":96,"column":25}},{"start":{"line":96,"column":29},"end":{"line":96,"column":33}}]}},"s":{"0":1,"1":1,"2":13,"3":13,"4":13,"5":9,"6":4,"7":4,"8":1,"9":3,"10":1,"11":1,"12":1,"13":6,"14":6,"15":7,"16":6,"17":6,"18":1,"19":1,"20":2,"21":2,"22":2,"23":2,"24":1},"f":{"0":13,"1":9,"2":4,"3":1,"4":6,"5":1,"6":1,"7":2,"8":2},"b":{"0":[4,2],"1":[1],"2":[3,2],"3":[0],"4":[6],"5":[2,1],"6":[2,1]}}
,"/home/ubuntu/code/packages/isomorphic-database/src/core/DatabaseMixin.ts": {"path":"/home/ubuntu/code/packages/isomorphic-database/src/core/DatabaseMixin.ts","statementMap":{"0":{"start":{"line":9,"column":0},"end":{"line":9,"column":16}},"1":{"start":{"line":2,"column":0},"end":{"line":2,"column":46}},"2":{"start":{"line":10,"column":4},"end":{"line":39,"column":6}},"3":{"start":{"line":11,"column":8},"end":{"line":38,"column":10}},"4":{"start":{"line":13,"column":19},"end":{"line":13,"column":34}},"5":{"start":{"line":16,"column":16},"end":{"line":16,"column":58}},"6":{"start":{"line":16,"column":34},"end":{"line":16,"column":58}},"7":{"start":{"line":18,"column":32},"end":{"line":18,"column":85}},"8":{"start":{"line":19,"column":31},"end":{"line":19,"column":72}},"9":{"start":{"line":20,"column":31},"end":{"line":20,"column":70}},"10":{"start":{"line":22,"column":16},"end":{"line":27,"column":18}},"11":{"start":{"line":29,"column":16},"end":{"line":29,"column":51}},"12":{"start":{"line":33,"column":36},"end":{"line":33,"column":107}}},"fnMap":{"0":{"name":"DatabaseMixin","decl":{"start":{"line":9,"column":16},"end":{"line":9,"column":29}},"loc":{"start":{"line":9,"column":83},"end":{"line":40,"column":1}}},"1":{"name":"(anonymous_1)","decl":{"start":{"line":10,"column":11},"end":{"line":10,"column":12}},"loc":{"start":{"line":10,"column":25},"end":{"line":39,"column":5}}},"2":{"name":"(anonymous_2)","decl":{"start":{"line":11,"column":15},"end":{"line":11,"column":21}},"loc":{"start":{"line":11,"column":15},"end":{"line":38,"column":9}}},"3":{"name":"(anonymous_3)","decl":{"start":{"line":15,"column":12},"end":{"line":15,"column":17}},"loc":{"start":{"line":15,"column":38},"end":{"line":30,"column":13}}},"4":{"name":"(anonymous_4)","decl":{"start":{"line":32,"column":19},"end":{"line":32,"column":40}},"loc":{"start":{"line":32,"column":63},"end":{"line":37,"column":13}}}},"branchMap":{"0":{"loc":{"start":{"line":16,"column":16},"end":{"line":16,"column":58}},"type":"if","locations":[{"start":{"line":16,"column":16},"end":{"line":16,"column":58}}]},"1":{"loc":{"start":{"line":33,"column":36},"end":{"line":33,"column":107}},"type":"binary-expr","locations":[{"start":{"line":33,"column":36},"end":{"line":33,"column":45}},{"start":{"line":33,"column":49},"end":{"line":33,"column":107}}]}},"s":{"0":1,"1":1,"2":4,"3":4,"4":4,"5":2,"6":2,"7":2,"8":2,"9":2,"10":2,"11":2,"12":4},"f":{"0":4,"1":4,"2":4,"3":2,"4":4},"b":{"0":[2],"1":[4,3]}}
,"/home/ubuntu/code/packages/isomorphic-database/src/core/QueryBuilder.ts": {"path":"/home/ubuntu/code/packages/isomorphic-database/src/core/QueryBuilder.ts","statementMap":{"0":{"start":{"line":3,"column":0},"end":{"line":3,"column":88}},"1":{"start":{"line":35,"column":16},"end":{"line":35,"column":41}},"2":{"start":{"line":36,"column":16},"end":{"line":36,"column":41}},"3":{"start":{"line":37,"column":16},"end":{"line":37,"column":42}},"4":{"start":{"line":38,"column":16},"end":{"line":38,"column":39}},"5":{"start":{"line":28,"column":12},"end":{"line":28,"column":43}},"6":{"start":{"line":29,"column":12},"end":{"line":29,"column":35}},"7":{"start":{"line":43,"column":8},"end":{"line":43,"column":35}},"8":{"start":{"line":44,"column":8},"end":{"line":44,"column":20}},"9":{"start":{"line":49,"column":8},"end":{"line":49,"column":51}},"10":{"start":{"line":50,"column":8},"end":{"line":50,"column":27}},"11":{"start":{"line":59,"column":8},"end":{"line":59,"column":73}},"12":{"start":{"line":60,"column":8},"end":{"line":60,"column":20}},"13":{"start":{"line":64,"column":8},"end":{"line":64,"column":28}},"14":{"start":{"line":65,"column":8},"end":{"line":65,"column":20}},"15":{"start":{"line":69,"column":8},"end":{"line":69,"column":29}},"16":{"start":{"line":70,"column":8},"end":{"line":70,"column":20}},"17":{"start":{"line":76,"column":26},"end":{"line":76,"column":65}},"18":{"start":{"line":79,"column":8},"end":{"line":84,"column":9}},"19":{"start":{"line":80,"column":24},"end":{"line":80,"column":42}},"20":{"start":{"line":81,"column":12},"end":{"line":83,"column":13}},"21":{"start":{"line":82,"column":17},"end":{"line":82,"column":51}},"22":{"start":{"line":86,"column":21},"end":{"line":86,"column":43}},"23":{"start":{"line":87,"column":23},"end":{"line":87,"column":47}},"24":{"start":{"line":88,"column":29},"end":{"line":88,"column":59}},"25":{"start":{"line":88,"column":44},"end":{"line":88,"column":47}},"26":{"start":{"line":90,"column":20},"end":{"line":90,"column":98}},"27":{"start":{"line":91,"column":20},"end":{"line":91,"column":55}},"28":{"start":{"line":93,"column":8},"end":{"line":93,"column":38}},"29":{"start":{"line":94,"column":8},"end":{"line":94,"column":40}},"30":{"start":{"line":99,"column":26},"end":{"line":99,"column":65}},"31":{"start":{"line":101,"column":31},"end":{"line":101,"column":33}},"32":{"start":{"line":102,"column":30},"end":{"line":102,"column":32}},"33":{"start":{"line":104,"column":8},"end":{"line":107,"column":9}},"34":{"start":{"line":105,"column":12},"end":{"line":105,"column":36}},"35":{"start":{"line":106,"column":12},"end":{"line":106,"column":29}},"36":{"start":{"line":109,"column":18},"end":{"line":109,"column":68}},"37":{"start":{"line":111,"column":45},"end":{"line":111,"column":68}},"38":{"start":{"line":112,"column":8},"end":{"line":115,"column":9}},"39":{"start":{"line":113,"column":12},"end":{"line":113,"column":43}},"40":{"start":{"line":114,"column":12},"end":{"line":114,"column":40}},"41":{"start":{"line":117,"column":20},"end":{"line":117,"column":55}},"42":{"start":{"line":119,"column":8},"end":{"line":119,"column":38}},"43":{"start":{"line":120,"column":8},"end":{"line":120,"column":40}},"44":{"start":{"line":125,"column":18},"end":{"line":125,"column":50}},"45":{"start":{"line":127,"column":45},"end":{"line":127,"column":68}},"46":{"start":{"line":128,"column":8},"end":{"line":130,"column":9}},"47":{"start":{"line":129,"column":12},"end":{"line":129,"column":43}},"48":{"start":{"line":132,"column":20},"end":{"line":132,"column":60}},"49":{"start":{"line":134,"column":8},"end":{"line":134,"column":38}},"50":{"start":{"line":135,"column":8},"end":{"line":135,"column":40}},"51":{"start":{"line":143,"column":22},"end":{"line":143,"column":74}},"52":{"start":{"line":145,"column":24},"end":{"line":147,"column":9}},"53":{"start":{"line":146,"column":12},"end":{"line":146,"column":54}},"54":{"start":{"line":150,"column":8},"end":{"line":150,"column":18}},"55":{"start":{"line":153,"column":22},"end":{"line":153,"column":88}},"56":{"start":{"line":153,"column":78},"end":{"line":153,"column":87}},"57":{"start":{"line":155,"column":8},"end":{"line":155,"column":26}},"58":{"start":{"line":164,"column":26},"end":{"line":164,"column":65}},"59":{"start":{"line":165,"column":25},"end":{"line":165,"column":68}},"60":{"start":{"line":168,"column":23},"end":{"line":168,"column":95}},"61":{"start":{"line":168,"column":61},"end":{"line":168,"column":70}},"62":{"start":{"line":169,"column":8},"end":{"line":171,"column":9}},"63":{"start":{"line":170,"column":12},"end":{"line":170,"column":35}},"64":{"start":{"line":173,"column":8},"end":{"line":179,"column":9}},"65":{"start":{"line":174,"column":12},"end":{"line":174,"column":36}},"66":{"start":{"line":177,"column":12},"end":{"line":177,"column":39}},"67":{"start":{"line":178,"column":12},"end":{"line":178,"column":22}},"68":{"start":{"line":186,"column":20},"end":{"line":186,"column":74}},"69":{"start":{"line":187,"column":28},"end":{"line":187,"column":50}},"70":{"start":{"line":189,"column":8},"end":{"line":191,"column":9}},"71":{"start":{"line":190,"column":12},"end":{"line":190,"column":34}},"72":{"start":{"line":193,"column":8},"end":{"line":195,"column":9}},"73":{"start":{"line":194,"column":12},"end":{"line":194,"column":34}},"74":{"start":{"line":197,"column":8},"end":{"line":205,"column":11}},"75":{"start":{"line":199,"column":26},"end":{"line":202,"column":21}},"76":{"start":{"line":204,"column":12},"end":{"line":204,"column":65}},"77":{"start":{"line":204,"column":55},"end":{"line":204,"column":63}},"78":{"start":{"line":212,"column":20},"end":{"line":212,"column":72}},"79":{"start":{"line":214,"column":8},"end":{"line":214,"column":30}},"80":{"start":{"line":221,"column":8},"end":{"line":221,"column":44}},"81":{"start":{"line":225,"column":8},"end":{"line":231,"column":9}},"82":{"start":{"line":226,"column":12},"end":{"line":230,"column":22}},"83":{"start":{"line":236,"column":21},"end":{"line":236,"column":92}},"84":{"start":{"line":237,"column":18},"end":{"line":237,"column":58}},"85":{"start":{"line":239,"column":45},"end":{"line":239,"column":68}},"86":{"start":{"line":240,"column":8},"end":{"line":242,"column":9}},"87":{"start":{"line":241,"column":12},"end":{"line":241,"column":43}},"88":{"start":{"line":244,"column":8},"end":{"line":246,"column":9}},"89":{"start":{"line":245,"column":12},"end":{"line":245,"column":47}},"90":{"start":{"line":247,"column":8},"end":{"line":249,"column":9}},"91":{"start":{"line":248,"column":12},"end":{"line":248,"column":49}},"92":{"start":{"line":251,"column":21},"end":{"line":251,"column":68}},"93":{"start":{"line":256,"column":8},"end":{"line":258,"column":9}},"94":{"start":{"line":257,"column":12},"end":{"line":257,"column":83}},"95":{"start":{"line":257,"column":35},"end":{"line":257,"column":63}},"96":{"start":{"line":260,"column":8},"end":{"line":260,"column":27}},"97":{"start":{"line":264,"column":24},"end":{"line":264,"column":78}},"98":{"start":{"line":265,"column":21},"end":{"line":265,"column":41}},"99":{"start":{"line":266,"column":32},"end":{"line":266,"column":72}},"100":{"start":{"line":267,"column":8},"end":{"line":267,"column":56}},"101":{"start":{"line":271,"column":34},"end":{"line":271,"column":36}},"102":{"start":{"line":272,"column":30},"end":{"line":272,"column":32}},"103":{"start":{"line":275,"column":8},"end":{"line":281,"column":9}},"104":{"start":{"line":276,"column":24},"end":{"line":276,"column":42}},"105":{"start":{"line":277,"column":12},"end":{"line":280,"column":13}},"106":{"start":{"line":278,"column":16},"end":{"line":278,"column":46}},"107":{"start":{"line":279,"column":16},"end":{"line":279,"column":33}},"108":{"start":{"line":283,"column":8},"end":{"line":286,"column":9}},"109":{"start":{"line":284,"column":12},"end":{"line":284,"column":56}},"110":{"start":{"line":285,"column":12},"end":{"line":285,"column":33}},"111":{"start":{"line":288,"column":8},"end":{"line":291,"column":10}},"112":{"start":{"line":27,"column":0},"end":{"line":27,"column":13}},"113":{"start":{"line":158,"column":19},"end":{"line":158,"column":108}}},"fnMap":{"0":{"name":"(anonymous_0)","decl":{"start":{"line":34,"column":4},"end":{"line":34,"column":null}},"loc":{"start":{"line":38,"column":39},"end":{"line":39,"column":8}}},"1":{"name":"(anonymous_1)","decl":{"start":{"line":42,"column":4},"end":{"line":42,"column":13}},"loc":{"start":{"line":42,"column":24},"end":{"line":45,"column":5}}},"2":{"name":"(anonymous_2)","decl":{"start":{"line":48,"column":4},"end":{"line":48,"column":10}},"loc":{"start":{"line":48,"column":46},"end":{"line":51,"column":5}}},"3":{"name":"(anonymous_3)","decl":{"start":{"line":54,"column":4},"end":{"line":54,"column":9}},"loc":{"start":{"line":57,"column":32},"end":{"line":61,"column":5}}},"4":{"name":"(anonymous_4)","decl":{"start":{"line":63,"column":4},"end":{"line":63,"column":9}},"loc":{"start":{"line":63,"column":19},"end":{"line":66,"column":5}}},"5":{"name":"(anonymous_5)","decl":{"start":{"line":68,"column":4},"end":{"line":68,"column":10}},"loc":{"start":{"line":68,"column":20},"end":{"line":71,"column":5}}},"6":{"name":"(anonymous_6)","decl":{"start":{"line":74,"column":4},"end":{"line":74,"column":9}},"loc":{"start":{"line":74,"column":42},"end":{"line":95,"column":5}}},"7":{"name":"(anonymous_7)","decl":{"start":{"line":88,"column":38},"end":{"line":88,"column":41}},"loc":{"start":{"line":88,"column":44},"end":{"line":88,"column":47}}},"8":{"name":"(anonymous_8)","decl":{"start":{"line":98,"column":4},"end":{"line":98,"column":9}},"loc":{"start":{"line":98,"column":42},"end":{"line":121,"column":5}}},"9":{"name":"(anonymous_9)","decl":{"start":{"line":124,"column":4},"end":{"line":124,"column":9}},"loc":{"start":{"line":124,"column":16},"end":{"line":136,"column":5}}},"10":{"name":"(anonymous_10)","decl":{"start":{"line":142,"column":11},"end":{"line":142,"column":20}},"loc":{"start":{"line":142,"column":20},"end":{"line":156,"column":5}}},"11":{"name":"(anonymous_11)","decl":{"start":{"line":145,"column":24},"end":{"line":145,"column":29}},"loc":{"start":{"line":145,"column":35},"end":{"line":147,"column":9}}},"12":{"name":"(anonymous_12)","decl":{"start":{"line":153,"column":72},"end":{"line":153,"column":75}},"loc":{"start":{"line":153,"column":78},"end":{"line":153,"column":87}}},"13":{"name":"(anonymous_13)","decl":{"start":{"line":163,"column":4},"end":{"line":163,"column":9}},"loc":{"start":{"line":163,"column":98},"end":{"line":180,"column":5}}},"14":{"name":"(anonymous_14)","decl":{"start":{"line":168,"column":46},"end":{"line":168,"column":47}},"loc":{"start":{"line":168,"column":61},"end":{"line":168,"column":70}}},"15":{"name":"(anonymous_15)","decl":{"start":{"line":185,"column":11},"end":{"line":185,"column":16}},"loc":{"start":{"line":185,"column":60},"end":{"line":206,"column":5}}},"16":{"name":"(anonymous_16)","decl":{"start":{"line":197,"column":46},"end":{"line":197,"column":51}},"loc":{"start":{"line":197,"column":57},"end":{"line":205,"column":9}}},"17":{"name":"(anonymous_17)","decl":{"start":{"line":204,"column":49},"end":{"line":204,"column":52}},"loc":{"start":{"line":204,"column":55},"end":{"line":204,"column":63}}},"18":{"name":"(anonymous_18)","decl":{"start":{"line":211,"column":12},"end":{"line":211,"column":17}},"loc":{"start":{"line":211,"column":34},"end":{"line":215,"column":5}}},"19":{"name":"(anonymous_19)","decl":{"start":{"line":220,"column":11},"end":{"line":220,"column":16}},"loc":{"start":{"line":220,"column":62},"end":{"line":222,"column":5}}},"20":{"name":"(anonymous_20)","decl":{"start":{"line":224,"column":12},"end":{"line":224,"column":26}},"loc":{"start":{"line":224,"column":39},"end":{"line":232,"column":5}}},"21":{"name":"(anonymous_21)","decl":{"start":{"line":235,"column":4},"end":{"line":235,"column":9}},"loc":{"start":{"line":235,"column":17},"end":{"line":261,"column":5}}},"22":{"name":"(anonymous_22)","decl":{"start":{"line":257,"column":28},"end":{"line":257,"column":31}},"loc":{"start":{"line":257,"column":35},"end":{"line":257,"column":63}}},"23":{"name":"(anonymous_23)","decl":{"start":{"line":263,"column":12},"end":{"line":263,"column":23}},"loc":{"start":{"line":263,"column":23},"end":{"line":268,"column":5}}},"24":{"name":"(anonymous_24)","decl":{"start":{"line":270,"column":12},"end":{"line":270,"column":28}},"loc":{"start":{"line":270,"column":28},"end":{"line":292,"column":5}}}},"branchMap":{"0":{"loc":{"start":{"line":37,"column":16},"end":{"line":37,"column":47}},"type":"default-arg","locations":[{"start":{"line":37,"column":42},"end":{"line":37,"column":47}}]},"1":{"loc":{"start":{"line":79,"column":8},"end":{"line":84,"column":9}},"type":"if","locations":[{"start":{"line":79,"column":8},"end":{"line":84,"column":9}}]},"2":{"loc":{"start":{"line":81,"column":12},"end":{"line":83,"column":13}},"type":"if","locations":[{"start":{"line":81,"column":12},"end":{"line":83,"column":13}}]},"3":{"loc":{"start":{"line":112,"column":8},"end":{"line":115,"column":9}},"type":"if","locations":[{"start":{"line":112,"column":8},"end":{"line":115,"column":9}}]},"4":{"loc":{"start":{"line":128,"column":8},"end":{"line":130,"column":9}},"type":"if","locations":[{"start":{"line":128,"column":8},"end":{"line":130,"column":9}}]},"5":{"loc":{"start":{"line":169,"column":8},"end":{"line":171,"column":9}},"type":"if","locations":[{"start":{"line":169,"column":8},"end":{"line":171,"column":9}}]},"6":{"loc":{"start":{"line":186,"column":20},"end":{"line":186,"column":74}},"type":"binary-expr","locations":[{"start":{"line":186,"column":20},"end":{"line":186,"column":45}},{"start":{"line":186,"column":49},"end":{"line":186,"column":74}}]},"7":{"loc":{"start":{"line":189,"column":8},"end":{"line":191,"column":9}},"type":"if","locations":[{"start":{"line":189,"column":8},"end":{"line":191,"column":9}}]},"8":{"loc":{"start":{"line":193,"column":8},"end":{"line":195,"column":9}},"type":"if","locations":[{"start":{"line":193,"column":8},"end":{"line":195,"column":9}}]},"9":{"loc":{"start":{"line":225,"column":8},"end":{"line":231,"column":9}},"type":"if","locations":[{"start":{"line":225,"column":8},"end":{"line":231,"column":9}}]},"10":{"loc":{"start":{"line":236,"column":21},"end":{"line":236,"column":92}},"type":"cond-expr","locations":[{"start":{"line":236,"column":55},"end":{"line":236,"column":86}},{"start":{"line":236,"column":89},"end":{"line":236,"column":92}}]},"11":{"loc":{"start":{"line":240,"column":8},"end":{"line":242,"column":9}},"type":"if","locations":[{"start":{"line":240,"column":8},"end":{"line":242,"column":9}}]},"12":{"loc":{"start":{"line":244,"column":8},"end":{"line":246,"column":9}},"type":"if","locations":[{"start":{"line":244,"column":8},"end":{"line":246,"column":9}}]},"13":{"loc":{"start":{"line":247,"column":8},"end":{"line":249,"column":9}},"type":"if","locations":[{"start":{"line":247,"column":8},"end":{"line":249,"column":9}}]},"14":{"loc":{"start":{"line":256,"column":8},"end":{"line":258,"column":9}},"type":"if","locations":[{"start":{"line":256,"column":8},"end":{"line":258,"column":9}}]},"15":{"loc":{"start":{"line":264,"column":24},"end":{"line":264,"column":78}},"type":"binary-expr","locations":[{"start":{"line":264,"column":24},"end":{"line":264,"column":49}},{"start":{"line":264,"column":53},"end":{"line":264,"column":78}}]},"16":{"loc":{"start":{"line":266,"column":32},"end":{"line":266,"column":72}},"type":"binary-expr","locations":[{"start":{"line":266,"column":32},"end":{"line":266,"column":53}},{"start":{"line":266,"column":57},"end":{"line":266,"column":72}}]},"17":{"loc":{"start":{"line":267,"column":15},"end":{"line":267,"column":55}},"type":"binary-expr","locations":[{"start":{"line":267,"column":15},"end":{"line":267,"column":36}},{"start":{"line":267,"column":40},"end":{"line":267,"column":55}}]},"18":{"loc":{"start":{"line":275,"column":8},"end":{"line":281,"column":9}},"type":"if","locations":[{"start":{"line":275,"column":8},"end":{"line":281,"column":9}}]},"19":{"loc":{"start":{"line":277,"column":12},"end":{"line":280,"column":13}},"type":"if","locations":[{"start":{"line":277,"column":12},"end":{"line":280,"column":13}}]}},"s":{"0":1,"1":26,"2":26,"3":26,"4":26,"5":26,"6":26,"7":1,"8":1,"9":1,"10":1,"11":8,"12":8,"13":1,"14":1,"15":1,"16":1,"17":5,"18":5,"19":5,"20":5,"21":1,"22":5,"23":5,"24":5,"25":7,"26":5,"27":5,"28":4,"29":4,"30":2,"31":2,"32":2,"33":2,"34":2,"35":2,"36":2,"37":2,"38":2,"39":2,"40":2,"41":2,"42":2,"43":2,"44":2,"45":2,"46":2,"47":2,"48":2,"49":2,"50":2,"51":1,"52":1,"53":2,"54":1,"55":1,"56":1,"57":1,"58":3,"59":3,"60":3,"61":4,"62":3,"63":2,"64":3,"65":3,"66":1,"67":1,"68":3,"69":3,"70":3,"71":1,"72":2,"73":1,"74":1,"75":1,"76":1,"77":1,"78":1,"79":1,"80":1,"81":8,"82":8,"83":11,"84":11,"85":11,"86":11,"87":6,"88":11,"89":1,"90":11,"91":1,"92":11,"93":11,"94":10,"95":4,"96":1,"97":28,"98":28,"99":28,"100":28,"101":15,"102":15,"103":15,"104":15,"105":15,"106":2,"107":2,"108":15,"109":8,"110":8,"111":15,"112":1,"113":1},"f":{"0":26,"1":1,"2":1,"3":8,"4":1,"5":1,"6":5,"7":7,"8":2,"9":2,"10":1,"11":2,"12":1,"13":3,"14":4,"15":3,"16":1,"17":1,"18":1,"19":1,"20":8,"21":11,"22":4,"23":28,"24":15},"b":{"0":[0],"1":[5],"2":[1],"3":[2],"4":[2],"5":[2],"6":[3,2],"7":[1],"8":[1],"9":[8],"10":[1,10],"11":[6],"12":[1],"13":[1],"14":[10],"15":[28,22],"16":[28,28],"17":[28,28],"18":[15],"19":[2]}}
,"/home/ubuntu/code/packages/isomorphic-database/src/core/Table.ts": {"path":"/home/ubuntu/code/packages/isomorphic-database/src/core/Table.ts","statementMap":{"0":{"start":{"line":23,"column":0},"end":{"line":23,"column":16}},"1":{"start":{"line":24,"column":4},"end":{"line":24,"column":28}}},"fnMap":{"0":{"name":"defineTable","decl":{"start":{"line":23,"column":16},"end":{"line":23,"column":27}},"loc":{"start":{"line":23,"column":79},"end":{"line":25,"column":1}}}},"branchMap":{},"s":{"0":1,"1":33},"f":{"0":33},"b":{}}
}
