TN:
SF:src/core/BaseRepository.ts
FN:12,(anonymous_0)
FN:25,(anonymous_1)
FN:32,(anonymous_2)
FN:43,(anonymous_3)
FN:53,(anonymous_4)
FN:68,(anonymous_5)
FN:77,(anonymous_6)
FN:86,(anonymous_7)
FN:94,(anonymous_8)
FNF:9
FNH:9
FNDA:13,(anonymous_0)
FNDA:9,(anonymous_1)
FNDA:4,(anonymous_2)
FNDA:1,(anonymous_3)
FNDA:6,(anonymous_4)
FNDA:1,(anonymous_5)
FNDA:1,(anonymous_6)
FNDA:2,(anonymous_7)
FNDA:2,(anonymous_8)
DA:2,1
DA:4,1
DA:9,1
DA:15,13
DA:16,13
DA:18,13
DA:26,9
DA:33,4
DA:34,4
DA:37,3
DA:45,1
DA:46,1
DA:47,1
DA:54,6
DA:56,6
DA:57,7
DA:58,6
DA:62,6
DA:69,1
DA:78,1
DA:87,2
DA:88,2
DA:95,2
DA:96,2
LF:24
LH:24
BRDA:33,0,0,4
BRDA:33,0,1,2
BRDA:34,1,0,1
BRDA:37,2,0,3
BRDA:37,2,1,2
BRDA:53,3,0,0
BRDA:57,4,0,6
BRDA:88,5,0,2
BRDA:88,5,1,1
BRDA:96,6,0,2
BRDA:96,6,1,1
BRF:11
BRH:10
end_of_record
TN:
SF:src/core/DatabaseMixin.ts
FN:9,DatabaseMixin
FN:10,(anonymous_1)
FN:11,(anonymous_2)
FN:15,(anonymous_3)
FN:32,(anonymous_4)
FNF:5
FNH:5
FNDA:4,DatabaseMixin
FNDA:4,(anonymous_1)
FNDA:4,(anonymous_2)
FNDA:2,(anonymous_3)
FNDA:4,(anonymous_4)
DA:2,1
DA:9,1
DA:10,4
DA:11,4
DA:13,4
DA:16,2
DA:18,2
DA:19,2
DA:20,2
DA:22,2
DA:29,2
DA:33,4
LF:12
LH:12
BRDA:16,0,0,2
BRDA:33,1,0,4
BRDA:33,1,1,3
BRF:3
BRH:3
end_of_record
TN:
SF:src/core/QueryBuilder.ts
FN:34,(anonymous_0)
FN:42,(anonymous_1)
FN:48,(anonymous_2)
FN:54,(anonymous_3)
FN:63,(anonymous_4)
FN:68,(anonymous_5)
FN:74,(anonymous_6)
FN:88,(anonymous_7)
FN:98,(anonymous_8)
FN:124,(anonymous_9)
FN:142,(anonymous_10)
FN:145,(anonymous_11)
FN:153,(anonymous_12)
FN:163,(anonymous_13)
FN:168,(anonymous_14)
FN:185,(anonymous_15)
FN:197,(anonymous_16)
FN:204,(anonymous_17)
FN:211,(anonymous_18)
FN:220,(anonymous_19)
FN:224,(anonymous_20)
FN:235,(anonymous_21)
FN:257,(anonymous_22)
FN:263,(anonymous_23)
FN:270,(anonymous_24)
FNF:25
FNH:25
FNDA:26,(anonymous_0)
FNDA:1,(anonymous_1)
FNDA:1,(anonymous_2)
FNDA:8,(anonymous_3)
FNDA:1,(anonymous_4)
FNDA:1,(anonymous_5)
FNDA:5,(anonymous_6)
FNDA:7,(anonymous_7)
FNDA:2,(anonymous_8)
FNDA:2,(anonymous_9)
FNDA:1,(anonymous_10)
FNDA:2,(anonymous_11)
FNDA:1,(anonymous_12)
FNDA:3,(anonymous_13)
FNDA:4,(anonymous_14)
FNDA:3,(anonymous_15)
FNDA:1,(anonymous_16)
FNDA:1,(anonymous_17)
FNDA:1,(anonymous_18)
FNDA:1,(anonymous_19)
FNDA:8,(anonymous_20)
FNDA:11,(anonymous_21)
FNDA:4,(anonymous_22)
FNDA:28,(anonymous_23)
FNDA:15,(anonymous_24)
DA:3,1
DA:27,1
DA:28,26
DA:29,26
DA:35,26
DA:36,26
DA:37,26
DA:38,26
DA:43,1
DA:44,1
DA:49,1
DA:50,1
DA:59,8
DA:60,8
DA:64,1
DA:65,1
DA:69,1
DA:70,1
DA:76,5
DA:79,5
DA:80,5
DA:81,5
DA:82,1
DA:86,5
DA:87,5
DA:88,7
DA:90,5
DA:91,5
DA:93,4
DA:94,4
DA:99,2
DA:101,2
DA:102,2
DA:104,2
DA:105,2
DA:106,2
DA:109,2
DA:111,2
DA:112,2
DA:113,2
DA:114,2
DA:117,2
DA:119,2
DA:120,2
DA:125,2
DA:127,2
DA:128,2
DA:129,2
DA:132,2
DA:134,2
DA:135,2
DA:143,1
DA:145,1
DA:146,2
DA:150,1
DA:153,1
DA:155,1
DA:158,1
DA:164,3
DA:165,3
DA:168,4
DA:169,3
DA:170,2
DA:173,3
DA:174,3
DA:177,1
DA:178,1
DA:186,3
DA:187,3
DA:189,3
DA:190,1
DA:193,2
DA:194,1
DA:197,1
DA:199,1
DA:204,1
DA:212,1
DA:214,1
DA:221,1
DA:225,8
DA:226,8
DA:236,11
DA:237,11
DA:239,11
DA:240,11
DA:241,6
DA:244,11
DA:245,1
DA:247,11
DA:248,1
DA:251,11
DA:256,11
DA:257,10
DA:260,1
DA:264,28
DA:265,28
DA:266,28
DA:267,28
DA:271,15
DA:272,15
DA:275,15
DA:276,15
DA:277,15
DA:278,2
DA:279,2
DA:283,15
DA:284,8
DA:285,8
DA:288,15
LF:109
LH:109
BRDA:37,0,0,0
BRDA:79,1,0,5
BRDA:81,2,0,1
BRDA:112,3,0,2
BRDA:128,4,0,2
BRDA:169,5,0,2
BRDA:186,6,0,3
BRDA:186,6,1,2
BRDA:189,7,0,1
BRDA:193,8,0,1
BRDA:225,9,0,8
BRDA:236,10,0,1
BRDA:236,10,1,10
BRDA:240,11,0,6
BRDA:244,12,0,1
BRDA:247,13,0,1
BRDA:256,14,0,10
BRDA:264,15,0,28
BRDA:264,15,1,22
BRDA:266,16,0,28
BRDA:266,16,1,28
BRDA:267,17,0,28
BRDA:267,17,1,28
BRDA:275,18,0,15
BRDA:277,19,0,2
BRF:25
BRH:24
end_of_record
TN:
SF:src/core/Table.ts
FN:23,defineTable
FNF:1
FNH:1
FNDA:33,defineTable
DA:23,1
DA:24,33
LF:2
LH:2
BRF:0
BRH:0
end_of_record
